#
# There is insufficient memory for the Java Runtime Environment to continue.
# Native memory allocation (malloc) failed to allocate 1246176 bytes for Chunk::new
# Possible reasons:
#   The system is out of physical RAM or swap space
#   In 32 bit mode, the process size limit was hit
# Possible solutions:
#   Reduce memory load on the system
#   Increase physical memory or swap space
#   Check if swap backing store is full
#   Use 64 bit Java on a 64 bit OS
#   Decrease Java heap size (-Xmx/-Xms)
#   Decrease number of Java threads
#   Decrease Java thread stack sizes (-Xss)
#   Set larger code cache with -XX:ReservedCodeCacheSize=
# This output file may be truncated or incomplete.
#
#  Out of Memory Error (allocation.cpp:390), pid=860, tid=0x00000000000013bc
#
# JRE version: OpenJDK Runtime Environment (8.0_152-b02) (build 1.8.0_152-release-1024-b02)
# Java VM: OpenJDK 64-Bit Server VM (25.152-b02 mixed mode windows-amd64 compressed oops)
# Failed to write core dump. Minidumps are not enabled by default on client versions of Windows
#

---------------  T H R E A D  ---------------

Current thread (0x0000000016a91800):  JavaThread "C2 CompilerThread1" daemon [_thread_in_native, id=5052, stack(0x0000000018210000,0x0000000018310000)]

Stack: [0x0000000018210000,0x0000000018310000]
[error occurred during error reporting (printing stack bounds), id 0xc0000005]

Native frames: (J=compiled Java code, j=interpreted, Vv=VM code, C=native code)


Current CompileTask:
C2: 155665 16096       4       org.gradle.api.internal.project.taskfactory.DefaultTaskClassValidatorExtractor::mergeDeclaredAnnotations (218 bytes)


---------------  P R O C E S S  ---------------

Java Threads: ( => current thread )
  0x0000000019c7c800 JavaThread "stdout" daemon [_thread_in_native, id=8700, stack(0x0000000035b00000,0x0000000035c00000)]
  0x0000000019ee4800 JavaThread "stderr" daemon [_thread_in_native, id=664, stack(0x0000000035a00000,0x0000000035b00000)]
  0x0000000019ee3800 JavaThread "stdout" daemon [_thread_in_native, id=6176, stack(0x0000000035900000,0x0000000035a00000)]
  0x0000000019ee3000 JavaThread "stderr" daemon [_thread_in_native, id=11656, stack(0x0000000035800000,0x0000000035900000)]
  0x0000000019edb800 JavaThread "stdout" daemon [_thread_in_native, id=304, stack(0x0000000035700000,0x0000000035800000)]
  0x0000000019ee2000 JavaThread "stderr" daemon [_thread_in_native, id=11000, stack(0x0000000035600000,0x0000000035700000)]
  0x0000000019ee1800 JavaThread "queued-resource-processor_24" daemon [_thread_blocked, id=2788, stack(0x0000000035500000,0x0000000035600000)]
  0x0000000019eda000 JavaThread "queued-resource-processor_23" daemon [_thread_blocked, id=8088, stack(0x0000000035400000,0x0000000035500000)]
  0x0000000019ee0800 JavaThread "queued-resource-processor_22" daemon [_thread_blocked, id=4716, stack(0x0000000035300000,0x0000000035400000)]
  0x0000000019ed9000 JavaThread "queued-resource-processor_21" daemon [_thread_blocked, id=972, stack(0x0000000035200000,0x0000000035300000)]
  0x0000000019ee0000 JavaThread "Task worker for ':' Thread 3" [_thread_blocked, id=3584, stack(0x0000000035100000,0x0000000035200000)]
  0x0000000019edf000 JavaThread "Task worker for ':' Thread 2" [_thread_blocked, id=4836, stack(0x0000000035000000,0x0000000035100000)]
  0x0000000019ed8800 JavaThread "Task worker for ':'" [_thread_blocked, id=5620, stack(0x0000000034f00000,0x0000000035000000)]
  0x0000000019ede800 JavaThread "Cache worker for Build Output Cleanup Cache (D:\AndroidStudioProjects\GitHubRep\.gradle\buildOutputCleanup)" [_thread_blocked, id=6580, stack(0x0000000034e00000,0x0000000034f00000)]
  0x0000000019ed7000 JavaThread "Cache worker for task history cache (D:\AndroidStudioProjects\GitHubRep\.gradle\4.4\taskHistory)" [_thread_blocked, id=8116, stack(0x0000000034d00000,0x0000000034e00000)]
  0x0000000019edd000 JavaThread "Cache worker for file content cache (D:\AndroidStudioProjects\GitHubRep\.gradle\4.4\fileContent)" [_thread_blocked, id=6384, stack(0x0000000034c00000,0x0000000034d00000)]
  0x0000000019edc000 JavaThread "build operations Thread 4" [_thread_blocked, id=8028, stack(0x0000000034b00000,0x0000000034c00000)]
  0x0000000019ed6000 JavaThread "build operations Thread 3" [_thread_blocked, id=7924, stack(0x0000000034a00000,0x0000000034b00000)]
  0x000000001c95f000 JavaThread "build operations Thread 2" [_thread_blocked, id=10200, stack(0x0000000034900000,0x0000000034a00000)]
  0x000000001c95e800 JavaThread "build operations" [_thread_blocked, id=3024, stack(0x0000000034800000,0x0000000034900000)]
  0x000000001c95a000 JavaThread "Cache worker for Artifact transforms cache (C:\Users\kvv2\.gradle\caches\transforms-1)" [_thread_blocked, id=2892, stack(0x0000000034700000,0x0000000034800000)]
  0x000000001c95b800 JavaThread "Cache worker for file hash cache (D:\AndroidStudioProjects\GitHubRep\.gradle\4.4\fileHashes)" [_thread_blocked, id=5576, stack(0x0000000034600000,0x0000000034700000)]
  0x000000001c95a800 JavaThread "Stdin handler" [_thread_blocked, id=740, stack(0x0000000034500000,0x0000000034600000)]
  0x000000001c95c000 JavaThread "Asynchronous log dispatcher for DefaultDaemonConnection: socket connection from /127.0.0.1:53366 to /127.0.0.1:53531" [_thread_blocked, id=1168, stack(0x0000000034400000,0x0000000034500000)]
  0x000000001c960000 JavaThread "Cancel handler" [_thread_blocked, id=1456, stack(0x0000000034300000,0x0000000034400000)]
  0x000000001c95d800 JavaThread "Handler for socket connection from /127.0.0.1:53366 to /127.0.0.1:53531" [_thread_in_native, id=916, stack(0x0000000034200000,0x0000000034300000)]
  0x0000000019eda800 JavaThread "Daemon worker Thread 2" [_thread_blocked, id=2916, stack(0x0000000031700000,0x0000000031800000)]
  0x0000000019ed7800 JavaThread "Daemon Thread 2" [_thread_blocked, id=8060, stack(0x0000000031400000,0x0000000031500000)]
  0x000000001c959000 JavaThread "Memory manager" [_thread_blocked, id=6128, stack(0x0000000021f10000,0x0000000022010000)]
  0x0000000019c7e000 JavaThread "File lock request listener" [_thread_in_native, id=7436, stack(0x000000001c530000,0x000000001c630000)]
  0x0000000019c44000 JavaThread "Cache worker for file hash cache (C:\Users\kvv2\.gradle\caches\4.4\fileHashes)" [_thread_blocked, id=1492, stack(0x000000001c430000,0x000000001c530000)]
  0x00000000197d6800 JavaThread "Daemon periodic checks" [_thread_blocked, id=7680, stack(0x000000001a960000,0x000000001aa60000)]
  0x0000000019934000 JavaThread "Incoming local TCP Connector on port 53366" [_thread_in_native, id=12068, stack(0x000000001a720000,0x000000001a820000)]
  0x0000000018438800 JavaThread "Service Thread" daemon [_thread_blocked, id=5628, stack(0x0000000018810000,0x0000000018910000)]
  0x0000000016a9a000 JavaThread "C1 CompilerThread2" daemon [_thread_blocked, id=10816, stack(0x0000000018310000,0x0000000018410000)]
=>0x0000000016a91800 JavaThread "C2 CompilerThread1" daemon [_thread_in_native, id=5052, stack(0x0000000018210000,0x0000000018310000)]
  0x0000000016a8d800 JavaThread "C2 CompilerThread0" daemon [_thread_blocked, id=8032, stack(0x0000000018110000,0x0000000018210000)]
  0x0000000016a8c800 JavaThread "Attach Listener" daemon [_thread_blocked, id=13052, stack(0x0000000018010000,0x0000000018110000)]
  0x0000000016a8b000 JavaThread "Signal Dispatcher" daemon [_thread_blocked, id=1460, stack(0x0000000017f10000,0x0000000018010000)]
  0x0000000016a7e000 JavaThread "Finalizer" daemon [_thread_blocked, id=11416, stack(0x0000000017d10000,0x0000000017e10000)]
  0x0000000003112800 JavaThread "Reference Handler" daemon [_thread_blocked, id=7376, stack(0x0000000017c10000,0x0000000017d10000)]
  0x000000000151d800 JavaThread "main" [_thread_blocked, id=5992, stack(0x0000000002f20000,0x0000000003020000)]

Other Threads:
  0x0000000016a55000 VMThread [stack: 0x0000000017b10000,0x0000000017c10000] [id=5676]
  0x0000000018428800 WatcherThread [stack: 0x0000000018910000,0x0000000018a10000] [id=13196]

VM state:not at safepoint (normal execution)

VM Mutex/Monitor currently owned by a thread: None

Heap:
 PSYoungGen      total 483328K, used 23368K [0x00000000e0000000, 0x0000000100000000, 0x0000000100000000)
  eden space 448000K, 4% used [0x00000000e0000000,0x00000000e129a708,0x00000000fb580000)
  from space 35328K, 12% used [0x00000000fb580000,0x00000000fb9b7aa8,0x00000000fd800000)
  to   space 34304K, 0% used [0x00000000fde80000,0x00000000fde80000,0x0000000100000000)
 ParOldGen       total 181248K, used 54911K [0x00000000a0000000, 0x00000000ab100000, 0x00000000e0000000)
  object space 181248K, 30% used [0x00000000a0000000,0x00000000a359fe48,0x00000000ab100000)
 Metaspace       used 78161K, capacity 81358K, committed 81624K, reserved 1120256K
  class space    used 10078K, capacity 10724K, committed 10752K, reserved 1048576K

Card table byte_map: [0x00000000124e0000,0x00000000127f0000] byte_map_base: 0x0000000011fe0000

Marking Bits: (ParMarkBitMap*) 0x0000000075c44970
 Begin Bits: [0x0000000012df0000, 0x00000000145f0000)
 End Bits:   [0x00000000145f0000, 0x0000000015df0000)

Polling page: 0x00000000010f0000

CodeCache: size=245760Kb used=42135Kb max_used=42677Kb free=203624Kb
 bounds [0x0000000003120000, 0x0000000005b10000, 0x0000000012120000]
 total_blobs=14080 nmethods=13242 adapters=749
 compilation: enabled

Compilation events (10 events):
Event: 155.479 Thread 0x0000000016a8d800 16319       4       org.gradle.api.internal.changedetection.state.InputPathNormalizationStrategy::getRelativeSnapshot (59 bytes)
Event: 155.483 Thread 0x0000000016a8d800 nmethod 16319 0x0000000003388990 code [0x0000000003388b00, 0x0000000003388ec8]
Event: 155.509 Thread 0x0000000016a8d800 16322       4       sun.nio.fs.WindowsPath$WindowsPathWithAttributes::getFileSystem (5 bytes)
Event: 155.509 Thread 0x0000000016a8d800 nmethod 16322 0x00000000046d3750 code [0x00000000046d3880, 0x00000000046d38d8]
Event: 155.511 Thread 0x0000000016a8d800 16323       4       sun.nio.fs.WindowsFileAttributes::fromFileAttributeData (104 bytes)
Event: 155.512 Thread 0x0000000016a8d800 nmethod 16323 0x0000000004afed90 code [0x0000000004afeee0, 0x0000000004afeff8]
Event: 155.512 Thread 0x0000000016a8d800 16324       4       sun.nio.fs.WindowsFileSystemProvider::getFileAttributeView (118 bytes)
Event: 155.514 Thread 0x0000000016a8d800 nmethod 16324 0x0000000005097210 code [0x0000000005097360, 0x0000000005097598]
Event: 155.514 Thread 0x0000000016a8d800 16325       4       sun.nio.fs.WindowsFileSystemProvider::readAttributes (63 bytes)
Event: 155.542 Thread 0x0000000016a8d800 nmethod 16325 0x0000000004639550 code [0x00000000046398a0, 0x000000000463ad10]

GC Heap History (10 events):
Event: 27.110 GC heap before
{Heap before GC invocations=19 (full 4):
 PSYoungGen      total 342016K, used 300032K [0x00000000e0000000, 0x00000000f8a00000, 0x0000000100000000)
  eden space 300032K, 100% used [0x00000000e0000000,0x00000000f2500000,0x00000000f2500000)
  from space 41984K, 0% used [0x00000000f4e80000,0x00000000f4e80000,0x00000000f7780000)
  to   space 42496K, 0% used [0x00000000f2500000,0x00000000f2500000,0x00000000f4e80000)
 ParOldGen       total 181248K, used 41465K [0x00000000a0000000, 0x00000000ab100000, 0x00000000e0000000)
  object space 181248K, 22% used [0x00000000a0000000,0x00000000a287e7c8,0x00000000ab100000)
 Metaspace       used 75478K, capacity 78354K, committed 78936K, reserved 1118208K
  class space    used 9837K, capacity 10444K, committed 10624K, reserved 1048576K
Event: 27.135 GC heap after
Heap after GC invocations=19 (full 4):
 PSYoungGen      total 342528K, used 9468K [0x00000000e0000000, 0x00000000fe100000, 0x0000000100000000)
  eden space 300032K, 0% used [0x00000000e0000000,0x00000000e0000000,0x00000000f2500000)
  from space 42496K, 22% used [0x00000000f2500000,0x00000000f2e3f098,0x00000000f4e80000)
  to   space 40448K, 0% used [0x00000000fb980000,0x00000000fb980000,0x00000000fe100000)
 ParOldGen       total 181248K, used 41473K [0x00000000a0000000, 0x00000000ab100000, 0x00000000e0000000)
  object space 181248K, 22% used [0x00000000a0000000,0x00000000a28807c8,0x00000000ab100000)
 Metaspace       used 75478K, capacity 78354K, committed 78936K, reserved 1118208K
  class space    used 9837K, capacity 10444K, committed 10624K, reserved 1048576K
}
Event: 29.450 GC heap before
{Heap before GC invocations=20 (full 4):
 PSYoungGen      total 342528K, used 309187K [0x00000000e0000000, 0x00000000fe100000, 0x0000000100000000)
  eden space 300032K, 99% used [0x00000000e0000000,0x00000000f24b1f30,0x00000000f2500000)
  from space 42496K, 22% used [0x00000000f2500000,0x00000000f2e3f098,0x00000000f4e80000)
  to   space 40448K, 0% used [0x00000000fb980000,0x00000000fb980000,0x00000000fe100000)
 ParOldGen       total 181248K, used 41473K [0x00000000a0000000, 0x00000000ab100000, 0x00000000e0000000)
  object space 181248K, 22% used [0x00000000a0000000,0x00000000a28807c8,0x00000000ab100000)
 Metaspace       used 75898K, capacity 78810K, committed 79448K, reserved 1118208K
  class space    used 9871K, capacity 10484K, committed 10624K, reserved 1048576K
Event: 29.461 GC heap after
Heap after GC invocations=20 (full 4):
 PSYoungGen      total 427520K, used 9927K [0x00000000e0000000, 0x00000000fd380000, 0x0000000100000000)
  eden space 400896K, 0% used [0x00000000e0000000,0x00000000e0000000,0x00000000f8780000)
  from space 26624K, 37% used [0x00000000fb980000,0x00000000fc331e38,0x00000000fd380000)
  to   space 38912K, 0% used [0x00000000f8780000,0x00000000f8780000,0x00000000fad80000)
 ParOldGen       total 181248K, used 47447K [0x00000000a0000000, 0x00000000ab100000, 0x00000000e0000000)
  object space 181248K, 26% used [0x00000000a0000000,0x00000000a2e55e10,0x00000000ab100000)
 Metaspace       used 75898K, capacity 78810K, committed 79448K, reserved 1118208K
  class space    used 9871K, capacity 10484K, committed 10624K, reserved 1048576K
}
Event: 131.290 GC heap before
{Heap before GC invocations=21 (full 4):
 PSYoungGen      total 427520K, used 410823K [0x00000000e0000000, 0x00000000fd380000, 0x0000000100000000)
  eden space 400896K, 100% used [0x00000000e0000000,0x00000000f8780000,0x00000000f8780000)
  from space 26624K, 37% used [0x00000000fb980000,0x00000000fc331e38,0x00000000fd380000)
  to   space 38912K, 0% used [0x00000000f8780000,0x00000000f8780000,0x00000000fad80000)
 ParOldGen       total 181248K, used 47447K [0x00000000a0000000, 0x00000000ab100000, 0x00000000e0000000)
  object space 181248K, 26% used [0x00000000a0000000,0x00000000a2e55e10,0x00000000ab100000)
 Metaspace       used 77404K, capacity 80500K, committed 80856K, reserved 1120256K
  class space    used 10053K, capacity 10679K, committed 10752K, reserved 1048576K
Event: 131.310 GC heap after
Heap after GC invocations=21 (full 4):
 PSYoungGen      total 439808K, used 6871K [0x00000000e0000000, 0x0000000100000000, 0x0000000100000000)
  eden space 400896K, 0% used [0x00000000e0000000,0x00000000e0000000,0x00000000f8780000)
  from space 38912K, 17% used [0x00000000f8780000,0x00000000f8e35f58,0x00000000fad80000)
  to   space 37376K, 0% used [0x00000000fdb80000,0x00000000fdb80000,0x0000000100000000)
 ParOldGen       total 181248K, used 50704K [0x00000000a0000000, 0x00000000ab100000, 0x00000000e0000000)
  object space 181248K, 27% used [0x00000000a0000000,0x00000000a3184130,0x00000000ab100000)
 Metaspace       used 77404K, capacity 80500K, committed 80856K, reserved 1120256K
  class space    used 10053K, capacity 10679K, committed 10752K, reserved 1048576K
}
Event: 135.117 GC heap before
{Heap before GC invocations=22 (full 4):
 PSYoungGen      total 439808K, used 407767K [0x00000000e0000000, 0x0000000100000000, 0x0000000100000000)
  eden space 400896K, 100% used [0x00000000e0000000,0x00000000f8780000,0x00000000f8780000)
  from space 38912K, 17% used [0x00000000f8780000,0x00000000f8e35f58,0x00000000fad80000)
  to   space 37376K, 0% used [0x00000000fdb80000,0x00000000fdb80000,0x0000000100000000)
 ParOldGen       total 181248K, used 50704K [0x00000000a0000000, 0x00000000ab100000, 0x00000000e0000000)
  object space 181248K, 27% used [0x00000000a0000000,0x00000000a3184130,0x00000000ab100000)
 Metaspace       used 77862K, capacity 81026K, committed 81112K, reserved 1120256K
  class space    used 10066K, capacity 10702K, committed 10752K, reserved 1048576K
Event: 135.130 GC heap after
Heap after GC invocations=22 (full 4):
 PSYoungGen      total 479744K, used 11594K [0x00000000e0000000, 0x00000000ffa80000, 0x0000000100000000)
  eden space 448000K, 0% used [0x00000000e0000000,0x00000000e0000000,0x00000000fb580000)
  from space 31744K, 36% used [0x00000000fdb80000,0x00000000fe6d2b48,0x00000000ffa80000)
  to   space 35328K, 0% used [0x00000000fb580000,0x00000000fb580000,0x00000000fd800000)
 ParOldGen       total 181248K, used 54903K [0x00000000a0000000, 0x00000000ab100000, 0x00000000e0000000)
  object space 181248K, 30% used [0x00000000a0000000,0x00000000a359de48,0x00000000ab100000)
 Metaspace       used 77862K, capacity 81026K, committed 81112K, reserved 1120256K
  class space    used 10066K, capacity 10702K, committed 10752K, reserved 1048576K
}
Event: 155.188 GC heap before
{Heap before GC invocations=23 (full 4):
 PSYoungGen      total 479744K, used 459594K [0x00000000e0000000, 0x00000000ffa80000, 0x0000000100000000)
  eden space 448000K, 100% used [0x00000000e0000000,0x00000000fb580000,0x00000000fb580000)
  from space 31744K, 36% used [0x00000000fdb80000,0x00000000fe6d2b48,0x00000000ffa80000)
  to   space 35328K, 0% used [0x00000000fb580000,0x00000000fb580000,0x00000000fd800000)
 ParOldGen       total 181248K, used 54903K [0x00000000a0000000, 0x00000000ab100000, 0x00000000e0000000)
  object space 181248K, 30% used [0x00000000a0000000,0x00000000a359de48,0x00000000ab100000)
 Metaspace       used 78112K, capacity 81354K, committed 81624K, reserved 1120256K
  class space    used 10078K, capacity 10724K, committed 10752K, reserved 1048576K
Event: 155.199 GC heap after
Heap after GC invocations=23 (full 4):
 PSYoungGen      total 483328K, used 4318K [0x00000000e0000000, 0x0000000100000000, 0x0000000100000000)
  eden space 448000K, 0% used [0x00000000e0000000,0x00000000e0000000,0x00000000fb580000)
  from space 35328K, 12% used [0x00000000fb580000,0x00000000fb9b7aa8,0x00000000fd800000)
  to   space 34304K, 0% used [0x00000000fde80000,0x00000000fde80000,0x0000000100000000)
 ParOldGen       total 181248K, used 54911K [0x00000000a0000000, 0x00000000ab100000, 0x00000000e0000000)
  object space 181248K, 30% used [0x00000000a0000000,0x00000000a359fe48,0x00000000ab100000)
 Metaspace       used 78112K, capacity 81354K, committed 81624K, reserved 1120256K
  class space    used 10078K, capacity 10724K, committed 10752K, reserved 1048576K
}

Deoptimization events (10 events):
Event: 130.585 Thread 0x0000000019ed7000 Uncommon trap: reason=class_check action=maybe_recompile pc=0x0000000004319298 method=java.lang.reflect.Array.newInstance(Ljava/lang/Class;I)Ljava/lang/Object; @ 2
Event: 130.942 Thread 0x0000000019eda800 Uncommon trap: reason=unstable_if action=reinterpret pc=0x0000000005077e50 method=com.google.common.collect.ImmutableSet.construct(I[Ljava/lang/Object;)Lcom/google/common/collect/ImmutableSet; @ 146
Event: 131.368 Thread 0x0000000019ee0800 Uncommon trap: reason=unstable_if action=reinterpret pc=0x00000000042cdc20 method=java.util.concurrent.ConcurrentLinkedQueue.offer(Ljava/lang/Object;)Z @ 40
Event: 132.410 Thread 0x000000001c95a800 Uncommon trap: reason=unstable_if action=reinterpret pc=0x0000000003e41b80 method=java.lang.StringCoding$StringDecoder.decode([BII)[C @ 20
Event: 133.165 Thread 0x000000001c95d800 Uncommon trap: reason=unstable_if action=reinterpret pc=0x0000000004726f20 method=java.util.concurrent.ConcurrentHashMap.transfer([Ljava/util/concurrent/ConcurrentHashMap$Node;[Ljava/util/concurrent/ConcurrentHashMap$Node;)V @ 175
Event: 133.167 Thread 0x000000001c95e800 Uncommon trap: reason=unstable_if action=reinterpret pc=0x0000000003587168 method=java.util.concurrent.ConcurrentHashMap.transfer([Ljava/util/concurrent/ConcurrentHashMap$Node;[Ljava/util/concurrent/ConcurrentHashMap$Node;)V @ 277
Event: 134.304 Thread 0x000000001c95a000 Uncommon trap: reason=array_check action=maybe_recompile pc=0x0000000005964388 method=java.util.TimSort.mergeLo(IIII)V @ 590
Event: 134.305 Thread 0x000000001c95a000 Uncommon trap: reason=array_check action=maybe_recompile pc=0x0000000005964388 method=java.util.TimSort.mergeLo(IIII)V @ 590
Event: 134.312 Thread 0x000000001c95a000 Uncommon trap: reason=array_check action=maybe_recompile pc=0x000000000595cd2c method=java.util.TimSort.mergeLo(IIII)V @ 590
Event: 154.755 Thread 0x000000001c95d800 Uncommon trap: reason=class_check action=maybe_recompile pc=0x0000000004319298 method=java.lang.reflect.Array.newInstance(Ljava/lang/Class;I)Ljava/lang/Object; @ 2

Classes redefined (0 events):
No events

Internal exceptions (10 events):
Event: 133.641 Thread 0x000000001c95e800 Exception <a 'sun/nio/fs/WindowsException'> (0x00000000e741e8c0) thrown at [D:\src\AOSP-openjdk-cygwin\jdk8u\hotspot\src\share\vm\prims\jni.cpp, line 709]
Event: 133.643 Thread 0x000000001c95d800 Exception <a 'sun/nio/fs/WindowsException'> (0x00000000e74bbff0) thrown at [D:\src\AOSP-openjdk-cygwin\jdk8u\hotspot\src\share\vm\prims\jni.cpp, line 709]
Event: 133.648 Thread 0x000000001c95d800 Exception <a 'sun/nio/fs/WindowsException'> (0x00000000e74c3050) thrown at [D:\src\AOSP-openjdk-cygwin\jdk8u\hotspot\src\share\vm\prims\jni.cpp, line 709]
Event: 133.650 Thread 0x000000001c95e800 Exception <a 'sun/nio/fs/WindowsException'> (0x00000000e7462de0) thrown at [D:\src\AOSP-openjdk-cygwin\jdk8u\hotspot\src\share\vm\prims\jni.cpp, line 709]
Event: 133.656 Thread 0x000000001c95e800 Exception <a 'sun/nio/fs/WindowsException'> (0x00000000e7467dd8) thrown at [D:\src\AOSP-openjdk-cygwin\jdk8u\hotspot\src\share\vm\prims\jni.cpp, line 709]
Event: 133.980 Thread 0x000000001c95a800 Exception <a 'sun/nio/fs/WindowsException'> (0x00000000e80ef470) thrown at [D:\src\AOSP-openjdk-cygwin\jdk8u\hotspot\src\share\vm\prims\jni.cpp, line 709]
Event: 134.417 Thread 0x000000001c95a000 Exception <a 'sun/nio/fs/WindowsException'> (0x00000000ef020800) thrown at [D:\src\AOSP-openjdk-cygwin\jdk8u\hotspot\src\share\vm\prims\jni.cpp, line 709]
Event: 134.511 Thread 0x0000000019c7d800 Exception <a 'sun/nio/fs/WindowsException'> (0x00000000ef2d1230) thrown at [D:\src\AOSP-openjdk-cygwin\jdk8u\hotspot\src\share\vm\prims\jni.cpp, line 709]
Event: 134.899 Thread 0x000000001c95e800 Exception <a 'sun/nio/fs/WindowsException'> (0x00000000f6404e20) thrown at [D:\src\AOSP-openjdk-cygwin\jdk8u\hotspot\src\share\vm\prims\jni.cpp, line 709]
Event: 154.922 Thread 0x0000000019eda800 Exception <a 'sun/nio/fs/WindowsException'> (0x00000000fa353a48) thrown at [D:\src\AOSP-openjdk-cygwin\jdk8u\hotspot\src\share\vm\prims\jni.cpp, line 709]

Events (10 events):
Event: 155.507 Executing VM operation: RevokeBias
Event: 155.507 Executing VM operation: RevokeBias done
Event: 155.507 Executing VM operation: RevokeBias
Event: 155.507 Executing VM operation: RevokeBias done
Event: 155.507 Thread 0x0000000019c79000 Thread exited: 0x0000000019c79000
Event: 155.507 Executing VM operation: RevokeBias
Event: 155.507 Executing VM operation: RevokeBias done
Event: 155.507 Thread 0x0000000019c7d800 Thread exited: 0x0000000019c7d800
Event: 155.508 Executing VM operation: RevokeBias
Event: 155.508 Executing VM operation: RevokeBias done


Dynamic libraries:
0x00007ff668030000 - 0x00007ff668061000 	C:\Program Files\Android\Android Studio\jre\bin\java.exe
0x00007ffe4fcf0000 - 0x00007ffe4fed1000 	C:\WINDOWS\SYSTEM32\ntdll.dll
0x00007ffe4db70000 - 0x00007ffe4dc22000 	C:\WINDOWS\System32\KERNEL32.DLL
0x00007ffe4c2b0000 - 0x00007ffe4c523000 	C:\WINDOWS\System32\KERNELBASE.dll
0x00007ffe4d390000 - 0x00007ffe4d431000 	C:\WINDOWS\System32\ADVAPI32.dll
0x00007ffe4dcb0000 - 0x00007ffe4dd4e000 	C:\WINDOWS\System32\msvcrt.dll
0x00007ffe4d330000 - 0x00007ffe4d38b000 	C:\WINDOWS\System32\sechost.dll
0x00007ffe4e320000 - 0x00007ffe4e444000 	C:\WINDOWS\System32\RPCRT4.dll
0x00007ffe4d650000 - 0x00007ffe4d7e0000 	C:\WINDOWS\System32\USER32.dll
0x00007ffe4d100000 - 0x00007ffe4d120000 	C:\WINDOWS\System32\win32u.dll
0x00007ffe4e480000 - 0x00007ffe4e4a8000 	C:\WINDOWS\System32\GDI32.dll
0x00007ffe4c530000 - 0x00007ffe4c6c2000 	C:\WINDOWS\System32\gdi32full.dll
0x00007ffe4c820000 - 0x00007ffe4c8bf000 	C:\WINDOWS\System32\msvcp_win.dll
0x00007ffe4c6d0000 - 0x00007ffe4c7ca000 	C:\WINDOWS\System32\ucrtbase.dll
0x00007ffe3ba00000 - 0x00007ffe3bc69000 	C:\WINDOWS\WinSxS\amd64_microsoft.windows.common-controls_6595b64144ccf1df_6.0.17134.165_none_fb429645306569ac\COMCTL32.dll
0x00007ffe4d7e0000 - 0x00007ffe4db03000 	C:\WINDOWS\System32\combase.dll
0x00007ffe4c970000 - 0x00007ffe4c9ea000 	C:\WINDOWS\System32\bcryptPrimitives.dll
0x00007ffe4d570000 - 0x00007ffe4d59d000 	C:\WINDOWS\System32\IMM32.DLL
0x0000000074f80000 - 0x0000000075052000 	C:\Program Files\Android\Android Studio\jre\jre\bin\msvcr100.dll
0x0000000075480000 - 0x0000000075cbf000 	C:\Program Files\Android\Android Studio\jre\jre\bin\server\jvm.dll
0x00007ffe4fab0000 - 0x00007ffe4fab8000 	C:\WINDOWS\System32\PSAPI.DLL
0x00007ffe3dd30000 - 0x00007ffe3dd39000 	C:\WINDOWS\SYSTEM32\WSOCK32.dll
0x00007ffe41d60000 - 0x00007ffe41d6a000 	C:\WINDOWS\SYSTEM32\VERSION.dll
0x00007ffe4a270000 - 0x00007ffe4a293000 	C:\WINDOWS\SYSTEM32\WINMM.dll
0x00007ffe4f8f0000 - 0x00007ffe4f95c000 	C:\WINDOWS\System32\WS2_32.dll
0x00007ffe4a240000 - 0x00007ffe4a26a000 	C:\WINDOWS\SYSTEM32\winmmbase.dll
0x00007ffe4c7d0000 - 0x00007ffe4c819000 	C:\WINDOWS\System32\cfgmgr32.dll
0x00007ffe425b0000 - 0x00007ffe425bf000 	C:\Program Files\Android\Android Studio\jre\jre\bin\verify.dll
0x00007ffe2fd80000 - 0x00007ffe2fda9000 	C:\Program Files\Android\Android Studio\jre\jre\bin\java.dll
0x00007ffe39880000 - 0x00007ffe39896000 	C:\Program Files\Android\Android Studio\jre\jre\bin\zip.dll
0x00007ffe4e4b0000 - 0x00007ffe4f8f0000 	C:\WINDOWS\System32\SHELL32.dll
0x00007ffe4d5a0000 - 0x00007ffe4d649000 	C:\WINDOWS\System32\shcore.dll
0x00007ffe4c9f0000 - 0x00007ffe4d0fd000 	C:\WINDOWS\System32\windows.storage.dll
0x00007ffe4db10000 - 0x00007ffe4db61000 	C:\WINDOWS\System32\shlwapi.dll
0x00007ffe4c060000 - 0x00007ffe4c071000 	C:\WINDOWS\System32\kernel.appcore.dll
0x00007ffe4c0a0000 - 0x00007ffe4c0bf000 	C:\WINDOWS\System32\profapi.dll
0x00007ffe4c010000 - 0x00007ffe4c05c000 	C:\WINDOWS\System32\powrprof.dll
0x00007ffe4c000000 - 0x00007ffe4c00a000 	C:\WINDOWS\System32\FLTLIB.DLL
0x00007ffe1f550000 - 0x00007ffe1f56a000 	C:\Program Files\Android\Android Studio\jre\jre\bin\net.dll
0x00007ffe4b820000 - 0x00007ffe4b886000 	C:\WINDOWS\system32\mswsock.dll
0x00007ffe1f440000 - 0x00007ffe1f451000 	C:\Program Files\Android\Android Studio\jre\jre\bin\nio.dll
0x00007ffe2dee0000 - 0x00007ffe2defe000 	C:\Users\kvv2\.gradle\native\25\windows-amd64\native-platform.dll
0x00007ffe35b70000 - 0x00007ffe35b7d000 	C:\Program Files\Android\Android Studio\jre\jre\bin\management.dll
0x00007ffe4b9d0000 - 0x00007ffe4b9e7000 	C:\WINDOWS\SYSTEM32\CRYPTSP.dll
0x00007ffe4b400000 - 0x00007ffe4b433000 	C:\WINDOWS\system32\rsaenh.dll
0x00007ffe4bb60000 - 0x00007ffe4bb85000 	C:\WINDOWS\SYSTEM32\bcrypt.dll
0x00007ffe4bf00000 - 0x00007ffe4bf28000 	C:\WINDOWS\SYSTEM32\USERENV.dll
0x00007ffe4b9f0000 - 0x00007ffe4b9fb000 	C:\WINDOWS\SYSTEM32\CRYPTBASE.dll
0x00007ffe4b5a0000 - 0x00007ffe4b5d8000 	C:\WINDOWS\SYSTEM32\IPHLPAPI.DLL
0x00007ffe4e470000 - 0x00007ffe4e478000 	C:\WINDOWS\System32\NSI.dll
0x00007ffe481c0000 - 0x00007ffe481d6000 	C:\WINDOWS\SYSTEM32\dhcpcsvc6.DLL
0x00007ffe47e20000 - 0x00007ffe47e3a000 	C:\WINDOWS\SYSTEM32\dhcpcsvc.DLL
0x00007ffe4b090000 - 0x00007ffe4b0c1000 	C:\WINDOWS\SYSTEM32\ntmarta.dll

VM Arguments:
jvm_args: -Xmx1536m -Dfile.encoding=windows-1251 -Duser.country=RU -Duser.language=ru -Duser.variant 
java_command: org.gradle.launcher.daemon.bootstrap.GradleDaemon 4.4
java_class_path (initial): C:\Users\kvv2\.gradle\wrapper\dists\gradle-4.4-all\9br9xq1tocpiv8o6njlyu5op1\gradle-4.4\lib\gradle-launcher-4.4.jar
Launcher Type: SUN_STANDARD

Environment Variables:
PATH=C:\Program Files (x86)\Borland\Delphi7\Bin;C:\Program Files (x86)\Borland\Delphi7\Projects\Bpl\;C:\ProgramData\Oracle\Java\javapath;C:\WINDOWS\system32;C:\WINDOWS;C:\WINDOWS\System32\Wbem;C:\WINDOWS\System32\WindowsPowerShell\v1.0\;C:\Program Files\Git\cmd;C:\WINDOWS\System32\OpenSSH\;C:\Users\Public\Documents\RAD Studio\7.0\Bpl;%USERPROFILE%\AppData\Local\Microsoft\WindowsApps;
USERNAME=kvv2
OS=Windows_NT
PROCESSOR_IDENTIFIER=Intel64 Family 6 Model 60 Stepping 3, GenuineIntel



---------------  S Y S T E M  ---------------

OS: Windows 10.0 , 64 bit Build 17134 (10.0.17134.1)

CPU:total 4 (initial active 4) (4 cores per cpu, 1 threads per core) family 6 model 60 stepping 3, cmov, cx8, fxsr, mmx, sse, sse2, sse3, ssse3, sse4.1, sse4.2, popcnt, avx, avx2, aes, clmul, erms, lzcnt, tsc, tscinvbit, bmi1, bmi2

Memory: 4k page, physical 8256528k(580532k free), swap 12450832k(5476k free)

vm_info: OpenJDK 64-Bit Server VM (25.152-b02) for windows-amd64 JRE (1.8.0_152-release-1024-b02), built by "builder" with MS VC++ 10.0 (VS2010)

time: Thu Jul 26 13:35:50 2018
elapsed time: 155 seconds (0d 0h 2m 35s)

