#
# There is insufficient memory for the Java Runtime Environment to continue.
# Native memory allocation (malloc) failed to allocate 1073536 bytes for Chunk::new
# Possible reasons:
#   The system is out of physical RAM or swap space
#   In 32 bit mode, the process size limit was hit
# Possible solutions:
#   Reduce memory load on the system
#   Increase physical memory or swap space
#   Check if swap backing store is full
#   Use 64 bit Java on a 64 bit OS
#   Decrease Java heap size (-Xmx/-Xms)
#   Decrease number of Java threads
#   Decrease Java thread stack sizes (-Xss)
#   Set larger code cache with -XX:ReservedCodeCacheSize=
# This output file may be truncated or incomplete.
#
#  Out of Memory Error (allocation.cpp:390), pid=8204, tid=0x0000000000002874
#
# JRE version: OpenJDK Runtime Environment (8.0_152-b02) (build 1.8.0_152-release-1024-b02)
# Java VM: OpenJDK 64-Bit Server VM (25.152-b02 mixed mode windows-amd64 compressed oops)
# Failed to write core dump. Minidumps are not enabled by default on client versions of Windows
#

---------------  T H R E A D  ---------------

Current thread (0x0000000015f0d800):  JavaThread "C2 CompilerThread1" daemon [_thread_in_native, id=10356, stack(0x0000000017660000,0x0000000017760000)]

Stack: [0x0000000017660000,0x0000000017760000]
[error occurred during error reporting (printing stack bounds), id 0xc0000005]

Native frames: (J=compiled Java code, j=interpreted, Vv=VM code, C=native code)


Current CompileTask:
C2:  63611 14438       4       com.google.common.reflect.TypeResolver::resolveType (74 bytes)


---------------  P R O C E S S  ---------------

Java Threads: ( => current thread )
  0x000000001b5df000 JavaThread "pool-63-thread-2" [_thread_in_Java, id=2864, stack(0x0000000031b30000,0x0000000031c30000)]
  0x000000001b5d6000 JavaThread "pool-63-thread-1" [_thread_blocked, id=7888, stack(0x0000000031a30000,0x0000000031b30000)]
  0x000000001b5dc000 JavaThread "pool-62-thread-2" [_thread_in_vm, id=7436, stack(0x0000000031930000,0x0000000031a30000)]
  0x000000001b5db800 JavaThread "pool-62-thread-1" [_thread_blocked, id=6496, stack(0x0000000031830000,0x0000000031930000)]
  0x000000001b5d5000 JavaThread "ForkJoinPool.commonPool-worker-0" daemon [_thread_blocked, id=208, stack(0x0000000031330000,0x0000000031430000)]
  0x000000001b5d7800 JavaThread "ForkJoinPool.commonPool-worker-7" daemon [_thread_in_native, id=740, stack(0x0000000031230000,0x0000000031330000)]
  0x000000001b5d3000 JavaThread "ForkJoinPool.commonPool-worker-14" daemon [_thread_blocked, id=8028, stack(0x0000000031130000,0x0000000031230000)]
  0x000000001b5da000 JavaThread "Task worker for ':' Thread 3" [_thread_blocked, id=2824, stack(0x0000000030330000,0x0000000030430000)]
  0x000000001b5d8800 JavaThread "Task worker for ':' Thread 2" [_thread_blocked, id=4328, stack(0x0000000030230000,0x0000000030330000)]
  0x000000001b5d9000 JavaThread "Task worker for ':'" [_thread_blocked, id=1692, stack(0x0000000030130000,0x0000000030230000)]
  0x000000001f25d000 JavaThread "Cache worker for Build Output Cleanup Cache (D:\AndroidStudioProjects\GitHubRep\.gradle\buildOutputCleanup)" [_thread_blocked, id=11040, stack(0x0000000030030000,0x0000000030130000)]
  0x000000001f25b800 JavaThread "Cache worker for task history cache (D:\AndroidStudioProjects\GitHubRep\.gradle\4.4\taskHistory)" [_thread_blocked, id=1120, stack(0x000000002ff30000,0x0000000030030000)]
  0x000000001f25a800 JavaThread "Cache worker for file content cache (D:\AndroidStudioProjects\GitHubRep\.gradle\4.4\fileContent)" [_thread_blocked, id=4940, stack(0x000000002fe30000,0x000000002ff30000)]
  0x000000001f261800 JavaThread "build operations Thread 4" [_thread_blocked, id=9076, stack(0x000000002fd30000,0x000000002fe30000)]
  0x000000001f258800 JavaThread "build operations Thread 3" [_thread_blocked, id=3700, stack(0x000000002fc30000,0x000000002fd30000)]
  0x000000001f259000 JavaThread "build operations Thread 2" [_thread_blocked, id=7960, stack(0x000000002fb30000,0x000000002fc30000)]
  0x000000001f25f000 JavaThread "build operations" [_thread_blocked, id=5428, stack(0x000000002fa30000,0x000000002fb30000)]
  0x000000001f25c000 JavaThread "Cache worker for Artifact transforms cache (C:\Users\kvv2\.gradle\caches\transforms-1)" [_thread_blocked, id=10500, stack(0x000000002f930000,0x000000002fa30000)]
  0x000000001f25a000 JavaThread "Cache worker for file hash cache (D:\AndroidStudioProjects\GitHubRep\.gradle\4.4\fileHashes)" [_thread_blocked, id=5668, stack(0x000000002f830000,0x000000002f930000)]
  0x000000001f252000 JavaThread "Stdin handler" [_thread_blocked, id=2336, stack(0x000000002f730000,0x000000002f830000)]
  0x000000001f253000 JavaThread "Asynchronous log dispatcher for DefaultDaemonConnection: socket connection from /127.0.0.1:53562 to /127.0.0.1:53707" [_thread_blocked, id=9684, stack(0x000000002f630000,0x000000002f730000)]
  0x000000001f257000 JavaThread "Cancel handler" [_thread_blocked, id=11304, stack(0x000000002f530000,0x000000002f630000)]
  0x000000001f255800 JavaThread "Handler for socket connection from /127.0.0.1:53562 to /127.0.0.1:53707" [_thread_in_native, id=8472, stack(0x000000002f430000,0x000000002f530000)]
  0x000000001b5d1800 JavaThread "Memory manager" [_thread_blocked, id=1720, stack(0x0000000021440000,0x0000000021540000)]
  0x000000001915a800 JavaThread "File lock request listener" [_thread_in_native, id=1948, stack(0x000000001a9d0000,0x000000001aad0000)]
  0x0000000018ff9800 JavaThread "Cache worker for file hash cache (C:\Users\kvv2\.gradle\caches\4.4\fileHashes)" [_thread_blocked, id=5300, stack(0x000000001a8d0000,0x000000001a9d0000)]
  0x0000000018ecf800 JavaThread "Daemon worker" [_thread_blocked, id=7652, stack(0x000000001a3d0000,0x000000001a4d0000)]
  0x0000000018b40800 JavaThread "Daemon" [_thread_blocked, id=5784, stack(0x0000000019ed0000,0x0000000019fd0000)]
  0x0000000018ce5800 JavaThread "Daemon periodic checks" [_thread_blocked, id=3004, stack(0x0000000019dd0000,0x0000000019ed0000)]
  0x0000000018af3000 JavaThread "Incoming local TCP Connector on port 53562" [_thread_in_native, id=5236, stack(0x0000000019b90000,0x0000000019c90000)]
  0x0000000015f6e800 JavaThread "Service Thread" daemon [_thread_blocked, id=6096, stack(0x0000000017c60000,0x0000000017d60000)]
  0x0000000015f14800 JavaThread "C1 CompilerThread2" daemon [_thread_blocked, id=10636, stack(0x0000000017760000,0x0000000017860000)]
=>0x0000000015f0d800 JavaThread "C2 CompilerThread1" daemon [_thread_in_native, id=10356, stack(0x0000000017660000,0x0000000017760000)]
  0x0000000015f0a000 JavaThread "C2 CompilerThread0" daemon [_thread_in_native, id=8772, stack(0x0000000017560000,0x0000000017660000)]
  0x0000000015f19000 JavaThread "Attach Listener" daemon [_thread_blocked, id=13168, stack(0x0000000017460000,0x0000000017560000)]
  0x0000000015f18000 JavaThread "Signal Dispatcher" daemon [_thread_blocked, id=5400, stack(0x0000000017360000,0x0000000017460000)]
  0x0000000015ef8000 JavaThread "Finalizer" daemon [_thread_blocked, id=5216, stack(0x0000000017160000,0x0000000017260000)]
  0x0000000002593800 JavaThread "Reference Handler" daemon [_thread_blocked, id=11128, stack(0x0000000017060000,0x0000000017160000)]
  0x000000000249d800 JavaThread "main" [_thread_blocked, id=8784, stack(0x0000000002360000,0x0000000002460000)]

Other Threads:
  0x0000000015ed5000 VMThread [stack: 0x0000000016f60000,0x0000000017060000] [id=8872]
  0x0000000017884800 WatcherThread [stack: 0x0000000017d60000,0x0000000017e60000] [id=7180]

VM state:not at safepoint (normal execution)

VM Mutex/Monitor currently owned by a thread: None

Heap:
 PSYoungGen      total 339968K, used 199562K [0x00000000e0000000, 0x00000000fc300000, 0x0000000100000000)
  eden space 303616K, 57% used [0x00000000e0000000,0x00000000ea976288,0x00000000f2880000)
  from space 36352K, 71% used [0x00000000f2880000,0x00000000f41ec818,0x00000000f4c00000)
  to   space 38400K, 0% used [0x00000000f9d80000,0x00000000f9d80000,0x00000000fc300000)
 ParOldGen       total 140800K, used 53818K [0x00000000a0000000, 0x00000000a8980000, 0x00000000e0000000)
  object space 140800K, 38% used [0x00000000a0000000,0x00000000a348e820,0x00000000a8980000)
 Metaspace       used 72815K, capacity 76311K, committed 76544K, reserved 1116160K
  class space    used 9528K, capacity 10195K, committed 10240K, reserved 1048576K

Card table byte_map: [0x0000000011960000,0x0000000011c70000] byte_map_base: 0x0000000011460000

Marking Bits: (ParMarkBitMap*) 0x0000000075c44970
 Begin Bits: [0x0000000012270000, 0x0000000013a70000)
 End Bits:   [0x0000000013a70000, 0x0000000015270000)

Polling page: 0x0000000000640000

CodeCache: size=245760Kb used=37566Kb max_used=37566Kb free=208193Kb
 bounds [0x00000000025a0000, 0x0000000004a80000, 0x00000000115a0000]
 total_blobs=12676 nmethods=11855 adapters=731
 compilation: enabled

Compilation events (10 events):
Event: 63.593 Thread 0x0000000015f14800 nmethod 14575 0x00000000044fd190 code [0x00000000044fd300, 0x00000000044fd468]
Event: 63.593 Thread 0x0000000015f14800 14576       2       com.android.tools.r8.com.google.common.collect.HashBiMap::containsKey (18 bytes)
Event: 63.593 Thread 0x0000000015f14800 nmethod 14576 0x00000000044fcd10 code [0x00000000044fce80, 0x00000000044fd0b8]
Event: 63.593 Thread 0x0000000015f14800 14577       2       com.android.tools.r8.ir.conversion.DexBuilder$TryItem::<init> (20 bytes)
Event: 63.593 Thread 0x0000000015f14800 nmethod 14577 0x00000000044fc990 code [0x00000000044fcae0, 0x00000000044fcc50]
Event: 63.593 Thread 0x0000000015f14800 14578       2       com.android.tools.r8.com.google.common.collect.HashBiMap$Inverse::get (16 bytes)
Event: 63.594 Thread 0x0000000015f14800 nmethod 14578 0x0000000004a7b4d0 code [0x0000000004a7b640, 0x0000000004a7b898]
Event: 63.594 Thread 0x0000000015f14800 14579       2       com.android.tools.r8.com.google.common.collect.HashBiMap::access$400 (7 bytes)
Event: 63.594 Thread 0x0000000015f14800 nmethod 14579 0x0000000004a7b9d0 code [0x0000000004a7bb40, 0x0000000004a7bc88]
Event: 63.594 Thread 0x0000000015f14800 14580       2       com.android.tools.r8.com.google.common.collect.Maps::keyOrNull (15 bytes)

GC Heap History (10 events):
Event: 15.809 GC heap before
{Heap before GC invocations=16 (full 3):
 PSYoungGen      total 243712K, used 241727K [0x00000000e0000000, 0x00000000f0600000, 0x0000000100000000)
  eden space 224256K, 99% used [0x00000000e0000000,0x00000000edaa7ba8,0x00000000edb00000)
  from space 19456K, 91% used [0x00000000ef000000,0x00000000f0168280,0x00000000f0300000)
  to   space 21504K, 0% used [0x00000000edb00000,0x00000000edb00000,0x00000000ef000000)
 ParOldGen       total 140800K, used 33589K [0x00000000a0000000, 0x00000000a8980000, 0x00000000e0000000)
  object space 140800K, 23% used [0x00000000a0000000,0x00000000a20cd5c8,0x00000000a8980000)
 Metaspace       used 67682K, capacity 70737K, committed 70912K, reserved 1110016K
  class space    used 9058K, capacity 9668K, committed 9728K, reserved 1048576K
Event: 15.817 GC heap after
Heap after GC invocations=16 (full 3):
 PSYoungGen      total 245760K, used 7287K [0x00000000e0000000, 0x00000000f2880000, 0x0000000100000000)
  eden space 224256K, 0% used [0x00000000e0000000,0x00000000e0000000,0x00000000edb00000)
  from space 21504K, 33% used [0x00000000edb00000,0x00000000ee21dea0,0x00000000ef000000)
  to   space 20992K, 0% used [0x00000000f1400000,0x00000000f1400000,0x00000000f2880000)
 ParOldGen       total 140800K, used 33597K [0x00000000a0000000, 0x00000000a8980000, 0x00000000e0000000)
  object space 140800K, 23% used [0x00000000a0000000,0x00000000a20cf5c8,0x00000000a8980000)
 Metaspace       used 67682K, capacity 70737K, committed 70912K, reserved 1110016K
  class space    used 9058K, capacity 9668K, committed 9728K, reserved 1048576K
}
Event: 16.031 GC heap before
{Heap before GC invocations=17 (full 3):
 PSYoungGen      total 245760K, used 231543K [0x00000000e0000000, 0x00000000f2880000, 0x0000000100000000)
  eden space 224256K, 100% used [0x00000000e0000000,0x00000000edb00000,0x00000000edb00000)
  from space 21504K, 33% used [0x00000000edb00000,0x00000000ee21dea0,0x00000000ef000000)
  to   space 20992K, 0% used [0x00000000f1400000,0x00000000f1400000,0x00000000f2880000)
 ParOldGen       total 140800K, used 33597K [0x00000000a0000000, 0x00000000a8980000, 0x00000000e0000000)
  object space 140800K, 23% used [0x00000000a0000000,0x00000000a20cf5c8,0x00000000a8980000)
 Metaspace       used 68492K, capacity 71519K, committed 71552K, reserved 1112064K
  class space    used 9200K, capacity 9837K, committed 9856K, reserved 1048576K
Event: 16.037 GC heap after
Heap after GC invocations=17 (full 3):
 PSYoungGen      total 282112K, used 3138K [0x00000000e0000000, 0x00000000f3280000, 0x0000000100000000)
  eden space 261120K, 0% used [0x00000000e0000000,0x00000000e0000000,0x00000000eff00000)
  from space 20992K, 14% used [0x00000000f1400000,0x00000000f1710bf8,0x00000000f2880000)
  to   space 21504K, 0% used [0x00000000eff00000,0x00000000eff00000,0x00000000f1400000)
 ParOldGen       total 140800K, used 33605K [0x00000000a0000000, 0x00000000a8980000, 0x00000000e0000000)
  object space 140800K, 23% used [0x00000000a0000000,0x00000000a20d15c8,0x00000000a8980000)
 Metaspace       used 68492K, capacity 71519K, committed 71552K, reserved 1112064K
  class space    used 9200K, capacity 9837K, committed 9856K, reserved 1048576K
}
Event: 45.249 GC heap before
{Heap before GC invocations=18 (full 3):
 PSYoungGen      total 282112K, used 264258K [0x00000000e0000000, 0x00000000f3280000, 0x0000000100000000)
  eden space 261120K, 100% used [0x00000000e0000000,0x00000000eff00000,0x00000000eff00000)
  from space 20992K, 14% used [0x00000000f1400000,0x00000000f1710bf8,0x00000000f2880000)
  to   space 21504K, 0% used [0x00000000eff00000,0x00000000eff00000,0x00000000f1400000)
 ParOldGen       total 140800K, used 33605K [0x00000000a0000000, 0x00000000a8980000, 0x00000000e0000000)
  object space 140800K, 23% used [0x00000000a0000000,0x00000000a20d15c8,0x00000000a8980000)
 Metaspace       used 72148K, capacity 75357K, committed 75520K, reserved 1114112K
  class space    used 9501K, capacity 10150K, committed 10240K, reserved 1048576K
Event: 45.333 GC heap after
Heap after GC invocations=18 (full 3):
 PSYoungGen      total 282624K, used 21487K [0x00000000e0000000, 0x00000000f6b80000, 0x0000000100000000)
  eden space 261120K, 0% used [0x00000000e0000000,0x00000000e0000000,0x00000000eff00000)
  from space 21504K, 99% used [0x00000000eff00000,0x00000000f13fbde8,0x00000000f1400000)
  to   space 32256K, 0% used [0x00000000f4c00000,0x00000000f4c00000,0x00000000f6b80000)
 ParOldGen       total 140800K, used 53810K [0x00000000a0000000, 0x00000000a8980000, 0x00000000e0000000)
  object space 140800K, 38% used [0x00000000a0000000,0x00000000a348c820,0x00000000a8980000)
 Metaspace       used 72148K, capacity 75357K, committed 75520K, reserved 1114112K
  class space    used 9501K, capacity 10150K, committed 10240K, reserved 1048576K
}
Event: 46.976 GC heap before
{Heap before GC invocations=19 (full 3):
 PSYoungGen      total 282624K, used 281870K [0x00000000e0000000, 0x00000000f6b80000, 0x0000000100000000)
  eden space 261120K, 99% used [0x00000000e0000000,0x00000000efe47d20,0x00000000eff00000)
  from space 21504K, 99% used [0x00000000eff00000,0x00000000f13fbde8,0x00000000f1400000)
  to   space 32256K, 0% used [0x00000000f4c00000,0x00000000f4c00000,0x00000000f6b80000)
 ParOldGen       total 140800K, used 53810K [0x00000000a0000000, 0x00000000a8980000, 0x00000000e0000000)
  object space 140800K, 38% used [0x00000000a0000000,0x00000000a348c820,0x00000000a8980000)
 Metaspace       used 72278K, capacity 75543K, committed 75776K, reserved 1114112K
  class space    used 9506K, capacity 10157K, committed 10240K, reserved 1048576K
Event: 47.012 GC heap after
Heap after GC invocations=19 (full 3):
 PSYoungGen      total 335872K, used 29218K [0x00000000e0000000, 0x00000000f7980000, 0x0000000100000000)
  eden space 303616K, 0% used [0x00000000e0000000,0x00000000e0000000,0x00000000f2880000)
  from space 32256K, 90% used [0x00000000f4c00000,0x00000000f6888990,0x00000000f6b80000)
  to   space 36352K, 0% used [0x00000000f2880000,0x00000000f2880000,0x00000000f4c00000)
 ParOldGen       total 140800K, used 53818K [0x00000000a0000000, 0x00000000a8980000, 0x00000000e0000000)
  object space 140800K, 38% used [0x00000000a0000000,0x00000000a348e820,0x00000000a8980000)
 Metaspace       used 72278K, capacity 75543K, committed 75776K, reserved 1114112K
  class space    used 9506K, capacity 10157K, committed 10240K, reserved 1048576K
}
Event: 47.158 GC heap before
{Heap before GC invocations=20 (full 3):
 PSYoungGen      total 335872K, used 332274K [0x00000000e0000000, 0x00000000f7980000, 0x0000000100000000)
  eden space 303616K, 99% used [0x00000000e0000000,0x00000000f27f3e98,0x00000000f2880000)
  from space 32256K, 90% used [0x00000000f4c00000,0x00000000f6888990,0x00000000f6b80000)
  to   space 36352K, 0% used [0x00000000f2880000,0x00000000f2880000,0x00000000f4c00000)
 ParOldGen       total 140800K, used 53818K [0x00000000a0000000, 0x00000000a8980000, 0x00000000e0000000)
  object space 140800K, 38% used [0x00000000a0000000,0x00000000a348e820,0x00000000a8980000)
 Metaspace       used 72278K, capacity 75543K, committed 75776K, reserved 1114112K
  class space    used 9506K, capacity 10157K, committed 10240K, reserved 1048576K
Event: 47.190 GC heap after
Heap after GC invocations=20 (full 3):
 PSYoungGen      total 339968K, used 26034K [0x00000000e0000000, 0x00000000fc300000, 0x0000000100000000)
  eden space 303616K, 0% used [0x00000000e0000000,0x00000000e0000000,0x00000000f2880000)
  from space 36352K, 71% used [0x00000000f2880000,0x00000000f41ec818,0x00000000f4c00000)
  to   space 38400K, 0% used [0x00000000f9d80000,0x00000000f9d80000,0x00000000fc300000)
 ParOldGen       total 140800K, used 53818K [0x00000000a0000000, 0x00000000a8980000, 0x00000000e0000000)
  object space 140800K, 38% used [0x00000000a0000000,0x00000000a348e820,0x00000000a8980000)
 Metaspace       used 72278K, capacity 75543K, committed 75776K, reserved 1114112K
  class space    used 9506K, capacity 10157K, committed 10240K, reserved 1048576K
}

Deoptimization events (10 events):
Event: 46.678 Thread 0x000000001f257000 Uncommon trap: reason=class_check action=maybe_recompile pc=0x0000000002b10480 method=java.util.Collections$SetFromMap.size()I @ 4
Event: 47.263 Thread 0x000000001f257000 Uncommon trap: reason=bimorphic action=maybe_recompile pc=0x00000000036cc7ac method=com.google.common.collect.RegularImmutableMap.get(Ljava/lang/Object;[Lcom/google/common/collect/ImmutableMapEntry;I)Ljava/lang/Object; @ 11
Event: 57.114 Thread 0x000000001f255800 Uncommon trap: reason=class_check action=maybe_recompile pc=0x000000000363d558 method=java.lang.reflect.Array.newInstance(Ljava/lang/Class;I)Ljava/lang/Object; @ 2
Event: 57.120 Thread 0x000000001f255800 Uncommon trap: reason=class_check action=maybe_recompile pc=0x000000000363d558 method=java.lang.reflect.Array.newInstance(Ljava/lang/Class;I)Ljava/lang/Object; @ 2
Event: 58.339 Thread 0x000000001b5d8800 Uncommon trap: reason=class_check action=maybe_recompile pc=0x0000000002b10480 method=java.util.Collections$SetFromMap.size()I @ 4
Event: 62.813 Thread 0x000000001b5d7000 Uncommon trap: reason=class_check action=maybe_recompile pc=0x000000000498fc1c method=org.gradle.internal.logging.sink.OutputEventRenderer$4.onOutput(Lorg/gradle/internal/logging/events/OutputEvent;)V @ 11
Event: 62.813 Thread 0x000000001b5d7000 Uncommon trap: reason=class_check action=maybe_recompile pc=0x000000000498fc1c method=org.gradle.internal.logging.sink.OutputEventRenderer$4.onOutput(Lorg/gradle/internal/logging/events/OutputEvent;)V @ 11
Event: 62.813 Thread 0x000000001b5d7000 Uncommon trap: reason=class_check action=maybe_recompile pc=0x000000000498fc1c method=org.gradle.internal.logging.sink.OutputEventRenderer$4.onOutput(Lorg/gradle/internal/logging/events/OutputEvent;)V @ 11
Event: 62.813 Thread 0x000000001b5d7000 Uncommon trap: reason=class_check action=maybe_recompile pc=0x000000000498fc1c method=org.gradle.internal.logging.sink.OutputEventRenderer$4.onOutput(Lorg/gradle/internal/logging/events/OutputEvent;)V @ 11
Event: 63.453 Thread 0x000000001b5d8800 Uncommon trap: reason=class_check action=maybe_recompile pc=0x0000000002b10480 method=java.util.Collections$SetFromMap.size()I @ 4

Classes redefined (0 events):
No events

Internal exceptions (10 events):
Event: 63.376 Thread 0x000000001b5d8800 Exception <a 'sun/nio/fs/WindowsException'> (0x00000000e752e7c8) thrown at [D:\src\AOSP-openjdk-cygwin\jdk8u\hotspot\src\share\vm\prims\jni.cpp, line 709]
Event: 63.386 Thread 0x000000001b5d8800 Exception <a 'sun/nio/fs/WindowsException'> (0x00000000e755fa40) thrown at [D:\src\AOSP-openjdk-cygwin\jdk8u\hotspot\src\share\vm\prims\jni.cpp, line 709]
Event: 63.395 Thread 0x000000001b5d8800 Exception <a 'sun/nio/fs/WindowsException'> (0x00000000e763bfd0) thrown at [D:\src\AOSP-openjdk-cygwin\jdk8u\hotspot\src\share\vm\prims\jni.cpp, line 709]
Event: 63.402 Thread 0x000000001b5d8800 Exception <a 'sun/nio/fs/WindowsException'> (0x00000000e7689110) thrown at [D:\src\AOSP-openjdk-cygwin\jdk8u\hotspot\src\share\vm\prims\jni.cpp, line 709]
Event: 63.410 Thread 0x000000001b5d8800 Exception <a 'sun/nio/fs/WindowsException'> (0x00000000e771c6c8) thrown at [D:\src\AOSP-openjdk-cygwin\jdk8u\hotspot\src\share\vm\prims\jni.cpp, line 709]
Event: 63.419 Thread 0x000000001b5d8800 Exception <a 'sun/nio/fs/WindowsException'> (0x00000000e77863b8) thrown at [D:\src\AOSP-openjdk-cygwin\jdk8u\hotspot\src\share\vm\prims\jni.cpp, line 709]
Event: 63.425 Thread 0x000000001b5d8800 Exception <a 'sun/nio/fs/WindowsException'> (0x00000000e77cb730) thrown at [D:\src\AOSP-openjdk-cygwin\jdk8u\hotspot\src\share\vm\prims\jni.cpp, line 709]
Event: 63.431 Thread 0x000000001b5d8800 Exception <a 'sun/nio/fs/WindowsException'> (0x00000000e77fe990) thrown at [D:\src\AOSP-openjdk-cygwin\jdk8u\hotspot\src\share\vm\prims\jni.cpp, line 709]
Event: 63.436 Thread 0x000000001b5d8800 Exception <a 'sun/nio/fs/WindowsException'> (0x00000000e7832fc8) thrown at [D:\src\AOSP-openjdk-cygwin\jdk8u\hotspot\src\share\vm\prims\jni.cpp, line 709]
Event: 63.441 Thread 0x000000001b5d8800 Exception <a 'sun/nio/fs/WindowsException'> (0x00000000e7866fb0) thrown at [D:\src\AOSP-openjdk-cygwin\jdk8u\hotspot\src\share\vm\prims\jni.cpp, line 709]

Events (10 events):
Event: 63.574 Thread 0x000000001b5d6000 Thread added: 0x000000001b5d6000
Event: 63.579 Thread 0x000000001b5dc000 DEOPT PACKING pc=0x0000000003bd8fc4 sp=0x0000000031a2e670
Event: 63.579 Thread 0x000000001b5dc000 DEOPT UNPACKING pc=0x00000000025e75d0 sp=0x0000000031a2e490 mode 0
Event: 63.585 Executing VM operation: RevokeBias
Event: 63.585 Executing VM operation: RevokeBias done
Event: 63.586 Thread 0x000000001b5df000 Thread added: 0x000000001b5df000
Event: 63.586 Thread 0x000000001b5d3800 Thread exited: 0x000000001b5d3800
Event: 63.586 Thread 0x000000001b5d7000 Thread exited: 0x000000001b5d7000
Event: 63.590 Executing VM operation: RevokeBias
Event: 63.590 Executing VM operation: RevokeBias done


Dynamic libraries:
0x00007ff668030000 - 0x00007ff668061000 	C:\Program Files\Android\Android Studio\jre\bin\java.exe
0x00007ffe4fcf0000 - 0x00007ffe4fed1000 	C:\WINDOWS\SYSTEM32\ntdll.dll
0x00007ffe4db70000 - 0x00007ffe4dc22000 	C:\WINDOWS\System32\KERNEL32.DLL
0x00007ffe4c2b0000 - 0x00007ffe4c523000 	C:\WINDOWS\System32\KERNELBASE.dll
0x00007ffe4d390000 - 0x00007ffe4d431000 	C:\WINDOWS\System32\ADVAPI32.dll
0x00007ffe4dcb0000 - 0x00007ffe4dd4e000 	C:\WINDOWS\System32\msvcrt.dll
0x00007ffe4d330000 - 0x00007ffe4d38b000 	C:\WINDOWS\System32\sechost.dll
0x00007ffe4e320000 - 0x00007ffe4e444000 	C:\WINDOWS\System32\RPCRT4.dll
0x00007ffe4d650000 - 0x00007ffe4d7e0000 	C:\WINDOWS\System32\USER32.dll
0x00007ffe4d100000 - 0x00007ffe4d120000 	C:\WINDOWS\System32\win32u.dll
0x00007ffe4e480000 - 0x00007ffe4e4a8000 	C:\WINDOWS\System32\GDI32.dll
0x00007ffe4c530000 - 0x00007ffe4c6c2000 	C:\WINDOWS\System32\gdi32full.dll
0x00007ffe4c820000 - 0x00007ffe4c8bf000 	C:\WINDOWS\System32\msvcp_win.dll
0x00007ffe4c6d0000 - 0x00007ffe4c7ca000 	C:\WINDOWS\System32\ucrtbase.dll
0x00007ffe3ba00000 - 0x00007ffe3bc69000 	C:\WINDOWS\WinSxS\amd64_microsoft.windows.common-controls_6595b64144ccf1df_6.0.17134.165_none_fb429645306569ac\COMCTL32.dll
0x00007ffe4d7e0000 - 0x00007ffe4db03000 	C:\WINDOWS\System32\combase.dll
0x00007ffe4c970000 - 0x00007ffe4c9ea000 	C:\WINDOWS\System32\bcryptPrimitives.dll
0x00007ffe4d570000 - 0x00007ffe4d59d000 	C:\WINDOWS\System32\IMM32.DLL
0x0000000074f80000 - 0x0000000075052000 	C:\Program Files\Android\Android Studio\jre\jre\bin\msvcr100.dll
0x0000000075480000 - 0x0000000075cbf000 	C:\Program Files\Android\Android Studio\jre\jre\bin\server\jvm.dll
0x00007ffe4fab0000 - 0x00007ffe4fab8000 	C:\WINDOWS\System32\PSAPI.DLL
0x00007ffe4a270000 - 0x00007ffe4a293000 	C:\WINDOWS\SYSTEM32\WINMM.dll
0x00007ffe41d60000 - 0x00007ffe41d6a000 	C:\WINDOWS\SYSTEM32\VERSION.dll
0x00007ffe3dd30000 - 0x00007ffe3dd39000 	C:\WINDOWS\SYSTEM32\WSOCK32.dll
0x00007ffe4f8f0000 - 0x00007ffe4f95c000 	C:\WINDOWS\System32\WS2_32.dll
0x00007ffe4a240000 - 0x00007ffe4a26a000 	C:\WINDOWS\SYSTEM32\winmmbase.dll
0x00007ffe4c7d0000 - 0x00007ffe4c819000 	C:\WINDOWS\System32\cfgmgr32.dll
0x00007ffe425b0000 - 0x00007ffe425bf000 	C:\Program Files\Android\Android Studio\jre\jre\bin\verify.dll
0x00007ffe2fd80000 - 0x00007ffe2fda9000 	C:\Program Files\Android\Android Studio\jre\jre\bin\java.dll
0x00007ffe39880000 - 0x00007ffe39896000 	C:\Program Files\Android\Android Studio\jre\jre\bin\zip.dll
0x00007ffe4e4b0000 - 0x00007ffe4f8f0000 	C:\WINDOWS\System32\SHELL32.dll
0x00007ffe4d5a0000 - 0x00007ffe4d649000 	C:\WINDOWS\System32\shcore.dll
0x00007ffe4c9f0000 - 0x00007ffe4d0fd000 	C:\WINDOWS\System32\windows.storage.dll
0x00007ffe4db10000 - 0x00007ffe4db61000 	C:\WINDOWS\System32\shlwapi.dll
0x00007ffe4c060000 - 0x00007ffe4c071000 	C:\WINDOWS\System32\kernel.appcore.dll
0x00007ffe4c0a0000 - 0x00007ffe4c0bf000 	C:\WINDOWS\System32\profapi.dll
0x00007ffe4c010000 - 0x00007ffe4c05c000 	C:\WINDOWS\System32\powrprof.dll
0x00007ffe4c000000 - 0x00007ffe4c00a000 	C:\WINDOWS\System32\FLTLIB.DLL
0x00007ffe1f550000 - 0x00007ffe1f56a000 	C:\Program Files\Android\Android Studio\jre\jre\bin\net.dll
0x00007ffe4b820000 - 0x00007ffe4b886000 	C:\WINDOWS\system32\mswsock.dll
0x00007ffe1f440000 - 0x00007ffe1f451000 	C:\Program Files\Android\Android Studio\jre\jre\bin\nio.dll
0x00007ffe2dee0000 - 0x00007ffe2defe000 	C:\Users\kvv2\.gradle\native\25\windows-amd64\native-platform.dll
0x00007ffe35b70000 - 0x00007ffe35b7d000 	C:\Program Files\Android\Android Studio\jre\jre\bin\management.dll
0x00007ffe4b9d0000 - 0x00007ffe4b9e7000 	C:\WINDOWS\SYSTEM32\CRYPTSP.dll
0x00007ffe4b400000 - 0x00007ffe4b433000 	C:\WINDOWS\system32\rsaenh.dll
0x00007ffe4bb60000 - 0x00007ffe4bb85000 	C:\WINDOWS\SYSTEM32\bcrypt.dll
0x00007ffe4bf00000 - 0x00007ffe4bf28000 	C:\WINDOWS\SYSTEM32\USERENV.dll
0x00007ffe4b9f0000 - 0x00007ffe4b9fb000 	C:\WINDOWS\SYSTEM32\CRYPTBASE.dll
0x00007ffe4b5a0000 - 0x00007ffe4b5d8000 	C:\WINDOWS\SYSTEM32\IPHLPAPI.DLL
0x00007ffe4e470000 - 0x00007ffe4e478000 	C:\WINDOWS\System32\NSI.dll
0x00007ffe481c0000 - 0x00007ffe481d6000 	C:\WINDOWS\SYSTEM32\dhcpcsvc6.DLL
0x00007ffe47e20000 - 0x00007ffe47e3a000 	C:\WINDOWS\SYSTEM32\dhcpcsvc.DLL
0x00007ffe4b090000 - 0x00007ffe4b0c1000 	C:\WINDOWS\SYSTEM32\ntmarta.dll

VM Arguments:
jvm_args: -Xmx1536m -Dfile.encoding=windows-1251 -Duser.country=RU -Duser.language=ru -Duser.variant 
java_command: org.gradle.launcher.daemon.bootstrap.GradleDaemon 4.4
java_class_path (initial): C:\Users\kvv2\.gradle\wrapper\dists\gradle-4.4-all\9br9xq1tocpiv8o6njlyu5op1\gradle-4.4\lib\gradle-launcher-4.4.jar
Launcher Type: SUN_STANDARD

Environment Variables:
PATH=C:\Program Files (x86)\Borland\Delphi7\Bin;C:\Program Files (x86)\Borland\Delphi7\Projects\Bpl\;C:\ProgramData\Oracle\Java\javapath;C:\WINDOWS\system32;C:\WINDOWS;C:\WINDOWS\System32\Wbem;C:\WINDOWS\System32\WindowsPowerShell\v1.0\;C:\Program Files\Git\cmd;C:\WINDOWS\System32\OpenSSH\;C:\Users\Public\Documents\RAD Studio\7.0\Bpl;%USERPROFILE%\AppData\Local\Microsoft\WindowsApps;
USERNAME=kvv2
OS=Windows_NT
PROCESSOR_IDENTIFIER=Intel64 Family 6 Model 60 Stepping 3, GenuineIntel



---------------  S Y S T E M  ---------------

OS: Windows 10.0 , 64 bit Build 17134 (10.0.17134.1)

CPU:total 4 (initial active 4) (4 cores per cpu, 1 threads per core) family 6 model 60 stepping 3, cmov, cx8, fxsr, mmx, sse, sse2, sse3, ssse3, sse4.1, sse4.2, popcnt, avx, avx2, aes, clmul, erms, lzcnt, tsc, tscinvbit, bmi1, bmi2

Memory: 4k page, physical 8256528k(595968k free), swap 12450832k(4204k free)

vm_info: OpenJDK 64-Bit Server VM (25.152-b02) for windows-amd64 JRE (1.8.0_152-release-1024-b02), built by "builder" with MS VC++ 10.0 (VS2010)

time: Thu Jul 26 13:37:31 2018
elapsed time: 63 seconds (0d 0h 1m 3s)

